<?xml version="1.0" encoding="UTF-8"?>
<!-- Generated by org.testng.reporters.JUnitXMLReporter -->
<testsuite ignored="1" hostname="Shivani" failures="0" tests="1" name="Submit Order Test" time="0.249" errors="0" timestamp="2024-01-26T22:39:37 IST">
  <testcase classname="selenium.AddingProductsIntoCartTest" name="submitOrder" time="0.0">
    <skipped/>
  </testcase> <!-- submitOrder -->
  <testcase classname="selenium.AddingProductsIntoCartTest" name="verifyOrdersPage" time="0.0">
    <ignored/>
  </testcase> <!-- verifyOrdersPage -->
</testsuite> <!-- Submit Order Test -->
