<?xml version="1.0" encoding="UTF-8"?>
<!-- Generated by org.testng.reporters.JUnitXMLReporter -->
<testsuite ignored="0" hostname="Shivani" failures="1" tests="2" name="Test1" time="19.343" errors="0" timestamp="2024-01-30T13:14:11 IST">
  <testcase classname="selenium.ErrorValidationsTest" name="LoginErrorValidation" time="1.121"/>
  <testcase classname="selenium.ErrorValidationsTest" name="productErrorValidation" time="0.763">
    <failure type="java.lang.NullPointerException" message="Cannot invoke &amp;quot;org.openqa.selenium.WebElement.findElement(org.openqa.selenium.By)&amp;quot; because the return value of &amp;quot;pageObjects.ProductsCatalogPage.getProduct(String)&amp;quot; is null">
      <![CDATA[java.lang.NullPointerException: Cannot invoke "org.openqa.selenium.WebElement.findElement(org.openqa.selenium.By)" because the return value of "pageObjects.ProductsCatalogPage.getProduct(String)" is null
at pageObjects.ProductsCatalogPage.addProductToCart(ProductsCatalogPage.java:53)
at selenium.ErrorValidationsTest.productErrorValidation(ErrorValidationsTest.java:31)
at java.base/java.util.ArrayList.forEach(ArrayList.java:1511)
at java.base/java.util.concurrent.FutureTask.run(FutureTask.java:264)
at java.base/java.util.concurrent.ThreadPoolExecutor.runWorker(ThreadPoolExecutor.java:1136)
at java.base/java.util.concurrent.ThreadPoolExecutor$Worker.run(ThreadPoolExecutor.java:635)
at java.base/java.lang.Thread.run(Thread.java:833)
... Removed 18 stack frames]]>
    </failure>
  </testcase> <!-- productErrorValidation -->
</testsuite> <!-- Test1 -->
